Warnings (1):
datatype 23252 {urn:com:psi:types:AB}AB_AppAndFormsDesign "{urn:com:psi:types:AB}AB_AppAndFormsDesign": The object references the deleted type [{urn:com:psi:types:AB}AB_AppAndFormsDesign]. The deleted type will not be included in the export and references to the type have been updated to point to [{urn:com:psi:types:AB}AB_MilestoneDesign^1], which must be present on the target system or included in this package. After importing, please verify that the object works as expected. (APNX-2-4053-003)

Success (28):
datatype 21452 {urn:com:psi:types:AB}AB_CmpntVal "{urn:com:psi:types:AB}AB_CmpntVal"
datatype 21456 {urn:com:psi:types:AB}AB_CmpntOptn "{urn:com:psi:types:AB}AB_CmpntOptn"
datatype 21348 {urn:com:psi:types:AB}AB_AppDesign "{urn:com:psi:types:AB}AB_AppDesign"
datatype 23276 {urn:com:psi:types:AB}AB_FrmVersionDesign "{urn:com:psi:types:AB}AB_FrmVersionDesign"
datatype 21740 {urn:com:psi:types:AB}AB_CmpntParent "{urn:com:psi:types:AB}AB_CmpntParent"
datatype 22368 {urn:com:psi:types:AB}AB_FrmCmpntsDesign "{urn:com:psi:types:AB}AB_FrmCmpntsDesign"
datatype 21380 {urn:com:psi:types:AB}AB_AppInstances "{urn:com:psi:types:AB}AB_AppInstances"
datatype 23216 {urn:com:psi:types:AB}AB_FrmInstances "{urn:com:psi:types:AB}AB_FrmInstances"
datatype 21468 {urn:com:psi:types:AB}AB_FrmCmpntsData "{urn:com:psi:types:AB}AB_FrmCmpntsData"
datatype 23284 {urn:com:psi:types:AB}AB_FrmVersionAndCmpntDesign "{urn:com:psi:types:AB}AB_FrmVersionAndCmpntDesign"
datatype 23220 {urn:com:psi:types:AB}AB_FrmInstanceAndCmpntsData "{urn:com:psi:types:AB}AB_FrmInstanceAndCmpntsData"
datatype 21432 {urn:com:psi:types:AB}AB_FormsDesign "{urn:com:psi:types:AB}AB_FormsDesign"
datatype 23280 {urn:com:psi:types:AB}AB_FormsAndVersionDesign "{urn:com:psi:types:AB}AB_FormsAndVersionDesign"
datatype 23252 {urn:com:psi:types:AB}AB_AppAndFormsDesign "{urn:com:psi:types:AB}AB_AppAndFormsDesign"
datatype 23072 {urn:com:psi:types:AB}AB_AppGroupIds "{urn:com:psi:types:AB}AB_AppGroupIds"
datatype 23080 {urn:com:psi:types:AB}AB_AppAndGroupsDesign "{urn:com:psi:types:AB}AB_AppAndGroupsDesign"
datatype 23092 {urn:com:psi:types:AB}AB_ApplicationGroups "{urn:com:psi:types:AB}AB_ApplicationGroups"
datatype 23556 {urn:com:psi:types:AB}AB_MilestoneDesign "{urn:com:psi:types:AB}AB_MilestoneDesign"
datatype 23240 {urn:com:psi:types:AB}AB_MilestoneInstances "{urn:com:psi:types:AB}AB_MilestoneInstances"
datatype 23560 {urn:com:psi:types:AB}AB_MilestoneRouting "{urn:com:psi:types:AB}AB_MilestoneRouting"
datatype 23564 {urn:com:psi:types:AB}AB_MilestoneAndRoutingDesign "{urn:com:psi:types:AB}AB_MilestoneAndRoutingDesign"
dataStore 209693 _a-0000dc7c-e2e3-8000-927a-010000010000_199928 "AppBuilder_DS"
groupType 22 _f-0000dc7c-dac5-8000-9277-010000010000_35 "AB_AppBuilder"
group 832 _e-0000dc7c-dac5-8000-9277-010000010000_832 "AB_ApplicationAdminGroup"
group 908 _e-0000dca4-d1d4-8000-9277-010000010000_908 "AB_ApplicationExecutiveGroup"
group 884 _e-0000dc91-0c73-8000-9277-010000010000_884 "AB_ApplicationViewerGroup"
group 831 _e-0000dc7c-dac5-8000-9277-010000010000_831 "AB_AllApplicationUsers"
application 187814 _a-0000dc91-0813-8000-927a-010000010000_201887 "AB Data store, CDT and Groups"

Referenced precedents that were not exported (44):
datatype 23236 {urn:com:psi:types:AB}AB_MilestoneDesign^1
group 5 SYSTEM_GROUP_ROLE_APPLICATION_USERS
group 1024 _e-0001dd01-f1fb-8000-9277-010000010000_1024
group 1152 _e-0000dd27-6c70-8000-9277-010000010000_1152
group 1090 _e-0000dd03-52a9-8000-9277-010000010000_1090
group 1027 _e-0000dd02-3cd2-8000-9277-010000010000_1027
group 1155 _e-0000dd27-6c70-8000-9277-010000010000_1155
group 1092 _e-0000dd0d-9d03-8000-9277-010000010000_1092
group 1029 _e-0000dd02-3cd2-8000-9277-010000010000_1029
group 1157 _e-0000dd27-6c70-8000-9277-010000010000_1157
group 1096 _e-0000dd0d-9d03-8000-9277-010000010000_1096
group 1034 _e-0000dd02-3cd2-8000-9277-010000010000_1034
group 1098 _e-0000dd0d-9d03-8000-9277-010000010000_1098
group 1101 _e-0000dd0d-9d03-8000-9277-010000010000_1101
group 1102 _e-0000dd0d-9d03-8000-9277-010000010000_1102
group 1103 _e-0000dd0d-9d03-8000-9277-010000010000_1103
group 1167 _e-0000dd27-6c70-8000-9277-010000010000_1167
group 1106 _e-0000dd0d-9d03-8000-9277-010000010000_1106
group 1111 _e-0000dd0d-9d03-8000-9277-010000010000_1111
group 1114 _e-0000dd0d-9d03-8000-9277-010000010000_1114
group 1115 _e-0000dd0d-9d03-8000-9277-010000010000_1115
group 1053 _e-0000dd03-52a9-8000-9277-010000010000_1053
group 1117 _e-0000dd0d-9d03-8000-9277-010000010000_1117
group 1056 _e-0000dd03-52a9-8000-9277-010000010000_1056
group 1060 _e-0000dd03-52a9-8000-9277-010000010000_1060
group 1061 _e-0000dd03-52a9-8000-9277-010000010000_1061
group 1000 _e-0000dd00-10da-8000-9277-010000010000_1000
group 1064 _e-0000dd03-52a9-8000-9277-010000010000_1064
group 1128 _e-0000dd0d-9d03-8000-9277-010000010000_1128
group 1065 _e-0000dd03-52a9-8000-9277-010000010000_1065
group 1003 _e-0000dd00-10da-8000-9277-010000010000_1003
group 1131 _e-0000dd0d-9d03-8000-9277-010000010000_1131
group 1068 _e-0000dd03-52a9-8000-9277-010000010000_1068
group 1006 _e-0000dd00-10da-8000-9277-010000010000_1006
group 1007 _e-0000dd00-10da-8000-9277-010000010000_1007
group 1071 _e-0000dd03-52a9-8000-9277-010000010000_1071
group 1008 _e-0000dd00-10da-8000-9277-010000010000_1008
group 1010 _e-0000dd00-10da-8000-9277-010000010000_1010
group 1075 _e-0000dd03-52a9-8000-9277-010000010000_1075
group 1012 _e-0000dd00-10da-8000-9277-010000010000_1012
group 1140 _e-0000dd0d-9d03-8000-9277-010000010000_1140
group 1077 _e-0000dd03-52a9-8000-9277-010000010000_1077
group 1143 _e-0000dd0d-9d03-8000-9277-010000010000_1143
group 1016 _e-0000dd00-10da-8000-9277-010000010000_1016

Trace:
2016-07-04 07:53:12.573 DEBUG application 187814 _a-0000dc91-0813-8000-927a-010000010000_201887 Begin transport.
2016-07-04 07:53:12.573 DEBUG application 187814 _a-0000dc91-0813-8000-927a-010000010000_201887 Retrieving object data.
2016-07-04 07:53:12.578 DEBUG application 187814 _a-0000dc91-0813-8000-927a-010000010000_201887 App associated objects: GlobalIdMap[datatype=[{urn:com:psi:types:AB}AB_CmpntVal, {urn:com:psi:types:AB}AB_CmpntOptn, {urn:com:psi:types:AB}AB_AppDesign, {urn:com:psi:types:AB}AB_FrmVersionDesign, {urn:com:psi:types:AB}AB_FrmCmpntsDesign, {urn:com:psi:types:AB}AB_AppInstances, {urn:com:psi:types:AB}AB_FrmInstances, {urn:com:psi:types:AB}AB_FrmCmpntsData, {urn:com:psi:types:AB}AB_FrmVersionAndCmpntDesign, {urn:com:psi:types:AB}AB_FrmInstanceAndCmpntsData, {urn:com:psi:types:AB}AB_FormsDesign, {urn:com:psi:types:AB}AB_FormsAndVersionDesign, {urn:com:psi:types:AB}AB_AppAndFormsDesign, {urn:com:psi:types:AB}AB_CmpntParent, {urn:com:psi:types:AB}AB_AppGroupIds, {urn:com:psi:types:AB}AB_AppAndGroupsDesign, {urn:com:psi:types:AB}AB_ApplicationGroups, {urn:com:psi:types:AB}AB_MilestoneDesign, {urn:com:psi:types:AB}AB_MilestoneInstances, {urn:com:psi:types:AB}AB_MilestoneRouting, {urn:com:psi:types:AB}AB_MilestoneAndRoutingDesign],dataStore=[_a-0000dc7c-e2e3-8000-927a-010000010000_199928],groupType=[_f-0000dc7c-dac5-8000-9277-010000010000_35],group=[_e-0000dc7c-dac5-8000-9277-010000010000_831, _e-0000dc7c-dac5-8000-9277-010000010000_832, _e-0000dc91-0c73-8000-9277-010000010000_884, _e-0000dca4-d1d4-8000-9277-010000010000_908, _e-0000dd02-3cd2-8000-9277-010000010000_1028, _e-0000dd02-3cd2-8000-9277-010000010000_1038, _e-0000dd03-52a9-8000-9277-010000010000_1087, _e-0000dd03-52a9-8000-9277-010000010000_1088]]
2016-07-04 07:53:12.687 DEBUG application 187814 _a-0000dc91-0813-8000-927a-010000010000_201887 Invalid associated objects: GlobalIdMap[group=[_e-0000dd02-3cd2-8000-9277-010000010000_1028, _e-0000dd02-3cd2-8000-9277-010000010000_1038, _e-0000dd03-52a9-8000-9277-010000010000_1087, _e-0000dd03-52a9-8000-9277-010000010000_1088]]
2016-07-04 07:53:12.687 DEBUG application 187814 _a-0000dc91-0813-8000-927a-010000010000_201887 Adding valid associated objects to be exported: GlobalBindingMap[datatype={{urn:com:psi:types:AB}AB_CmpntVal=21452, {urn:com:psi:types:AB}AB_CmpntOptn=21456, {urn:com:psi:types:AB}AB_AppDesign=21348, {urn:com:psi:types:AB}AB_FrmVersionDesign=23276, {urn:com:psi:types:AB}AB_FrmCmpntsDesign=22368, {urn:com:psi:types:AB}AB_AppInstances=21380, {urn:com:psi:types:AB}AB_FrmInstances=23216, {urn:com:psi:types:AB}AB_FrmCmpntsData=21468, {urn:com:psi:types:AB}AB_FrmVersionAndCmpntDesign=23284, {urn:com:psi:types:AB}AB_FrmInstanceAndCmpntsData=23220, {urn:com:psi:types:AB}AB_FormsDesign=21432, {urn:com:psi:types:AB}AB_FormsAndVersionDesign=23280, {urn:com:psi:types:AB}AB_AppAndFormsDesign=23252, {urn:com:psi:types:AB}AB_CmpntParent=21740, {urn:com:psi:types:AB}AB_AppGroupIds=23072, {urn:com:psi:types:AB}AB_AppAndGroupsDesign=23080, {urn:com:psi:types:AB}AB_ApplicationGroups=23092, {urn:com:psi:types:AB}AB_MilestoneDesign=23556, {urn:com:psi:types:AB}AB_MilestoneInstances=23240, {urn:com:psi:types:AB}AB_MilestoneRouting=23560, {urn:com:psi:types:AB}AB_MilestoneAndRoutingDesign=23564},dataStore={_a-0000dc7c-e2e3-8000-927a-010000010000_199928=209693},groupType={_f-0000dc7c-dac5-8000-9277-010000010000_35=22},group={_e-0000dc7c-dac5-8000-9277-010000010000_831=831, _e-0000dc7c-dac5-8000-9277-010000010000_832=832, _e-0000dc91-0c73-8000-9277-010000010000_884=884, _e-0000dca4-d1d4-8000-9277-010000010000_908=908}]
2016-07-04 07:53:12.688 DEBUG application 187814 _a-0000dc91-0813-8000-927a-010000010000_201887 Setting uuids of object references.
2016-07-04 07:53:12.688 DEBUG application 187814 _a-0000dc91-0813-8000-927a-010000010000_201887 Processing reference: Application.forum
2016-07-04 07:53:12.689 DEBUG application 187814 _a-0000dc91-0813-8000-927a-010000010000_201887 Processing reference: Application.parent
2016-07-04 07:53:12.692 DEBUG application 187814 _a-0000dc91-0813-8000-927a-010000010000_201887 Processing reference: com.appiancorp.suiteapi.content.ContentRoleMap@7bad0003[
  ContentRole[name=readers,inherit=false,allowForAll=false]
  ContentRole[name=authors,inherit=false,allowForAll=false]
  ContentRole[name=administrators,inherit=false,allowForAll=false]
  ContentRole[name=denyReaders,inherit=false,allowForAll=false]
  ContentRole[name=denyAuthors,inherit=false,allowForAll=false]
  ContentRole[name=denyAdministrators,inherit=false,allowForAll=false]
  securityVector=1:SEC_PUBLIC=true,SEC_CREATOR_ADMIN=false,SEC_INH_ADMIN=false,SEC_INH_EDITOR=false,SEC_INH_VIEWER=false,SEC_ALL_ADMIN=false,SEC_ALL_EDITOR=false,SEC_ALL_VIEWER=false
]
2016-07-04 07:53:12.692 DEBUG application 187814 _a-0000dc91-0813-8000-927a-010000010000_201887 Processing reference: ContentRole[name=readers,inherit=false,allowForAll=false]
2016-07-04 07:53:12.692 DEBUG application 187814 _a-0000dc91-0813-8000-927a-010000010000_201887 Processing reference: ContentRole[name=authors,inherit=false,allowForAll=false]
2016-07-04 07:53:12.692 DEBUG application 187814 _a-0000dc91-0813-8000-927a-010000010000_201887 Processing reference: ContentRole[name=administrators,inherit=false,allowForAll=false]
2016-07-04 07:53:12.692 DEBUG application 187814 _a-0000dc91-0813-8000-927a-010000010000_201887 Processing reference: ContentRole[name=denyReaders,inherit=false,allowForAll=false]
2016-07-04 07:53:12.692 DEBUG application 187814 _a-0000dc91-0813-8000-927a-010000010000_201887 Processing reference: ContentRole[name=denyAuthors,inherit=false,allowForAll=false]
2016-07-04 07:53:12.692 DEBUG application 187814 _a-0000dc91-0813-8000-927a-010000010000_201887 Processing reference: ContentRole[name=denyAdministrators,inherit=false,allowForAll=false]
2016-07-04 07:53:12.694 DEBUG datatype 21452 {urn:com:psi:types:AB}AB_CmpntVal Begin transport.
2016-07-04 07:53:12.694 DEBUG datatype 21452 {urn:com:psi:types:AB}AB_CmpntVal Retrieving object data.
2016-07-04 07:53:12.71 DEBUG datatype 21452 {urn:com:psi:types:AB}AB_CmpntVal Setting uuids of object references.
2016-07-04 07:53:12.711 DEBUG datatype 21452 {urn:com:psi:types:AB}AB_CmpntVal Exporting binary resources.
2016-07-04 07:53:12.711 DEBUG datatype 21452 {urn:com:psi:types:AB}AB_CmpntVal Serializing object to XML.
2016-07-04 07:53:12.712 DEBUG datatype 21452 {urn:com:psi:types:AB}AB_CmpntVal Object transported.
2016-07-04 07:53:12.712 DEBUG datatype 21456 {urn:com:psi:types:AB}AB_CmpntOptn Begin transport.
2016-07-04 07:53:12.712 DEBUG datatype 21456 {urn:com:psi:types:AB}AB_CmpntOptn Retrieving object data.
2016-07-04 07:53:12.726 DEBUG datatype 21456 {urn:com:psi:types:AB}AB_CmpntOptn Setting uuids of object references.
2016-07-04 07:53:12.726 DEBUG datatype 21456 {urn:com:psi:types:AB}AB_CmpntOptn Exporting binary resources.
2016-07-04 07:53:12.726 DEBUG datatype 21456 {urn:com:psi:types:AB}AB_CmpntOptn Serializing object to XML.
2016-07-04 07:53:12.727 DEBUG datatype 21456 {urn:com:psi:types:AB}AB_CmpntOptn Object transported.
2016-07-04 07:53:12.727 DEBUG datatype 21348 {urn:com:psi:types:AB}AB_AppDesign Begin transport.
2016-07-04 07:53:12.727 DEBUG datatype 21348 {urn:com:psi:types:AB}AB_AppDesign Retrieving object data.
2016-07-04 07:53:12.746 DEBUG datatype 21348 {urn:com:psi:types:AB}AB_AppDesign Setting uuids of object references.
2016-07-04 07:53:12.747 DEBUG datatype 21348 {urn:com:psi:types:AB}AB_AppDesign Exporting binary resources.
2016-07-04 07:53:12.747 DEBUG datatype 21348 {urn:com:psi:types:AB}AB_AppDesign Serializing object to XML.
2016-07-04 07:53:12.747 DEBUG datatype 21348 {urn:com:psi:types:AB}AB_AppDesign Object transported.
2016-07-04 07:53:12.747 DEBUG datatype 23276 {urn:com:psi:types:AB}AB_FrmVersionDesign Begin transport.
2016-07-04 07:53:12.747 DEBUG datatype 23276 {urn:com:psi:types:AB}AB_FrmVersionDesign Retrieving object data.
2016-07-04 07:53:12.773 DEBUG datatype 23276 {urn:com:psi:types:AB}AB_FrmVersionDesign Setting uuids of object references.
2016-07-04 07:53:12.774 DEBUG datatype 23276 {urn:com:psi:types:AB}AB_FrmVersionDesign Exporting binary resources.
2016-07-04 07:53:12.774 DEBUG datatype 23276 {urn:com:psi:types:AB}AB_FrmVersionDesign Serializing object to XML.
2016-07-04 07:53:12.774 DEBUG datatype 23276 {urn:com:psi:types:AB}AB_FrmVersionDesign Object transported.
2016-07-04 07:53:12.774 DEBUG datatype 22368 {urn:com:psi:types:AB}AB_FrmCmpntsDesign Begin transport.
2016-07-04 07:53:12.774 DEBUG datatype 22368 {urn:com:psi:types:AB}AB_FrmCmpntsDesign Retrieving object data.
2016-07-04 07:53:12.861 DEBUG datatype 22368 {urn:com:psi:types:AB}AB_FrmCmpntsDesign Setting uuids of object references.
2016-07-04 07:53:12.863 DEBUG datatype 21740 {urn:com:psi:types:AB}AB_CmpntParent Begin transport.
2016-07-04 07:53:12.863 DEBUG datatype 21740 {urn:com:psi:types:AB}AB_CmpntParent Retrieving object data.
2016-07-04 07:53:12.89 DEBUG datatype 21740 {urn:com:psi:types:AB}AB_CmpntParent Setting uuids of object references.
2016-07-04 07:53:12.891 DEBUG datatype 21740 {urn:com:psi:types:AB}AB_CmpntParent Exporting binary resources.
2016-07-04 07:53:12.891 DEBUG datatype 21740 {urn:com:psi:types:AB}AB_CmpntParent Serializing object to XML.
2016-07-04 07:53:12.892 DEBUG datatype 21740 {urn:com:psi:types:AB}AB_CmpntParent Object transported.
2016-07-04 07:53:12.892 DEBUG datatype 22368 {urn:com:psi:types:AB}AB_FrmCmpntsDesign Exporting binary resources.
2016-07-04 07:53:12.892 DEBUG datatype 22368 {urn:com:psi:types:AB}AB_FrmCmpntsDesign Serializing object to XML.
2016-07-04 07:53:12.893 DEBUG datatype 22368 {urn:com:psi:types:AB}AB_FrmCmpntsDesign Object transported.
2016-07-04 07:53:12.893 DEBUG datatype 21380 {urn:com:psi:types:AB}AB_AppInstances Begin transport.
2016-07-04 07:53:12.893 DEBUG datatype 21380 {urn:com:psi:types:AB}AB_AppInstances Retrieving object data.
2016-07-04 07:53:12.945 DEBUG datatype 21380 {urn:com:psi:types:AB}AB_AppInstances Setting uuids of object references.
2016-07-04 07:53:12.945 DEBUG datatype 21380 {urn:com:psi:types:AB}AB_AppInstances Exporting binary resources.
2016-07-04 07:53:12.945 DEBUG datatype 21380 {urn:com:psi:types:AB}AB_AppInstances Serializing object to XML.
2016-07-04 07:53:12.946 DEBUG datatype 21380 {urn:com:psi:types:AB}AB_AppInstances Object transported.
2016-07-04 07:53:12.946 DEBUG datatype 23216 {urn:com:psi:types:AB}AB_FrmInstances Begin transport.
2016-07-04 07:53:12.946 DEBUG datatype 23216 {urn:com:psi:types:AB}AB_FrmInstances Retrieving object data.
2016-07-04 07:53:12.976 DEBUG datatype 23216 {urn:com:psi:types:AB}AB_FrmInstances Setting uuids of object references.
2016-07-04 07:53:12.977 DEBUG datatype 23216 {urn:com:psi:types:AB}AB_FrmInstances Exporting binary resources.
2016-07-04 07:53:12.977 DEBUG datatype 23216 {urn:com:psi:types:AB}AB_FrmInstances Serializing object to XML.
2016-07-04 07:53:12.977 DEBUG datatype 23216 {urn:com:psi:types:AB}AB_FrmInstances Object transported.
2016-07-04 07:53:12.977 DEBUG datatype 21468 {urn:com:psi:types:AB}AB_FrmCmpntsData Begin transport.
2016-07-04 07:53:12.977 DEBUG datatype 21468 {urn:com:psi:types:AB}AB_FrmCmpntsData Retrieving object data.
2016-07-04 07:53:12.993 DEBUG datatype 21468 {urn:com:psi:types:AB}AB_FrmCmpntsData Setting uuids of object references.
2016-07-04 07:53:12.994 DEBUG datatype 21468 {urn:com:psi:types:AB}AB_FrmCmpntsData Exporting binary resources.
2016-07-04 07:53:12.994 DEBUG datatype 21468 {urn:com:psi:types:AB}AB_FrmCmpntsData Serializing object to XML.
2016-07-04 07:53:12.994 DEBUG datatype 21468 {urn:com:psi:types:AB}AB_FrmCmpntsData Object transported.
2016-07-04 07:53:12.994 DEBUG datatype 23284 {urn:com:psi:types:AB}AB_FrmVersionAndCmpntDesign Begin transport.
2016-07-04 07:53:12.994 DEBUG datatype 23284 {urn:com:psi:types:AB}AB_FrmVersionAndCmpntDesign Retrieving object data.
2016-07-04 07:53:13.104 DEBUG datatype 23284 {urn:com:psi:types:AB}AB_FrmVersionAndCmpntDesign Setting uuids of object references.
2016-07-04 07:53:13.105 DEBUG datatype 23284 {urn:com:psi:types:AB}AB_FrmVersionAndCmpntDesign Exporting binary resources.
2016-07-04 07:53:13.105 DEBUG datatype 23284 {urn:com:psi:types:AB}AB_FrmVersionAndCmpntDesign Serializing object to XML.
2016-07-04 07:53:13.106 DEBUG datatype 23284 {urn:com:psi:types:AB}AB_FrmVersionAndCmpntDesign Object transported.
2016-07-04 07:53:13.106 DEBUG datatype 23220 {urn:com:psi:types:AB}AB_FrmInstanceAndCmpntsData Begin transport.
2016-07-04 07:53:13.106 DEBUG datatype 23220 {urn:com:psi:types:AB}AB_FrmInstanceAndCmpntsData Retrieving object data.
2016-07-04 07:53:13.148 DEBUG datatype 23220 {urn:com:psi:types:AB}AB_FrmInstanceAndCmpntsData Setting uuids of object references.
2016-07-04 07:53:13.149 DEBUG datatype 23220 {urn:com:psi:types:AB}AB_FrmInstanceAndCmpntsData Exporting binary resources.
2016-07-04 07:53:13.149 DEBUG datatype 23220 {urn:com:psi:types:AB}AB_FrmInstanceAndCmpntsData Serializing object to XML.
2016-07-04 07:53:13.149 DEBUG datatype 23220 {urn:com:psi:types:AB}AB_FrmInstanceAndCmpntsData Object transported.
2016-07-04 07:53:13.149 DEBUG datatype 21432 {urn:com:psi:types:AB}AB_FormsDesign Begin transport.
2016-07-04 07:53:13.149 DEBUG datatype 21432 {urn:com:psi:types:AB}AB_FormsDesign Retrieving object data.
2016-07-04 07:53:13.171 DEBUG datatype 21432 {urn:com:psi:types:AB}AB_FormsDesign Setting uuids of object references.
2016-07-04 07:53:13.172 DEBUG datatype 21432 {urn:com:psi:types:AB}AB_FormsDesign Exporting binary resources.
2016-07-04 07:53:13.172 DEBUG datatype 21432 {urn:com:psi:types:AB}AB_FormsDesign Serializing object to XML.
2016-07-04 07:53:13.172 DEBUG datatype 21432 {urn:com:psi:types:AB}AB_FormsDesign Object transported.
2016-07-04 07:53:13.172 DEBUG datatype 23280 {urn:com:psi:types:AB}AB_FormsAndVersionDesign Begin transport.
2016-07-04 07:53:13.172 DEBUG datatype 23280 {urn:com:psi:types:AB}AB_FormsAndVersionDesign Retrieving object data.
2016-07-04 07:53:13.221 DEBUG datatype 23280 {urn:com:psi:types:AB}AB_FormsAndVersionDesign Setting uuids of object references.
2016-07-04 07:53:13.222 DEBUG datatype 23280 {urn:com:psi:types:AB}AB_FormsAndVersionDesign Exporting binary resources.
2016-07-04 07:53:13.222 DEBUG datatype 23280 {urn:com:psi:types:AB}AB_FormsAndVersionDesign Serializing object to XML.
2016-07-04 07:53:13.222 DEBUG datatype 23280 {urn:com:psi:types:AB}AB_FormsAndVersionDesign Object transported.
2016-07-04 07:53:13.222 DEBUG datatype 23252 {urn:com:psi:types:AB}AB_AppAndFormsDesign Begin transport.
2016-07-04 07:53:13.222 DEBUG datatype 23252 {urn:com:psi:types:AB}AB_AppAndFormsDesign Retrieving object data.
2016-07-04 07:53:13.266 DEBUG datatype 23252 {urn:com:psi:types:AB}AB_AppAndFormsDesign Setting uuids of object references.
2016-07-04 07:53:13.267 WARN datatype 23252 {urn:com:psi:types:AB}AB_AppAndFormsDesign The object references the deleted type [{urn:com:psi:types:AB}AB_AppAndFormsDesign]. The deleted type will not be included in the export and references to the type have been updated to point to [{urn:com:psi:types:AB}AB_MilestoneDesign^1], which must be present on the target system or included in this package. After importing, please verify that the object works as expected. (APNX-2-4053-003)
2016-07-04 07:53:13.267 DEBUG datatype 23252 {urn:com:psi:types:AB}AB_AppAndFormsDesign Exporting binary resources.
2016-07-04 07:53:13.267 DEBUG datatype 23252 {urn:com:psi:types:AB}AB_AppAndFormsDesign Serializing object to XML.
2016-07-04 07:53:13.268 DEBUG datatype 23252 {urn:com:psi:types:AB}AB_AppAndFormsDesign Object transported.
2016-07-04 07:53:13.268 DEBUG datatype 23072 {urn:com:psi:types:AB}AB_AppGroupIds Begin transport.
2016-07-04 07:53:13.268 DEBUG datatype 23072 {urn:com:psi:types:AB}AB_AppGroupIds Retrieving object data.
2016-07-04 07:53:13.282 DEBUG datatype 23072 {urn:com:psi:types:AB}AB_AppGroupIds Setting uuids of object references.
2016-07-04 07:53:13.282 DEBUG datatype 23072 {urn:com:psi:types:AB}AB_AppGroupIds Exporting binary resources.
2016-07-04 07:53:13.282 DEBUG datatype 23072 {urn:com:psi:types:AB}AB_AppGroupIds Serializing object to XML.
2016-07-04 07:53:13.282 DEBUG datatype 23072 {urn:com:psi:types:AB}AB_AppGroupIds Object transported.
2016-07-04 07:53:13.282 DEBUG datatype 23080 {urn:com:psi:types:AB}AB_AppAndGroupsDesign Begin transport.
2016-07-04 07:53:13.282 DEBUG datatype 23080 {urn:com:psi:types:AB}AB_AppAndGroupsDesign Retrieving object data.
2016-07-04 07:53:13.31 DEBUG datatype 23080 {urn:com:psi:types:AB}AB_AppAndGroupsDesign Setting uuids of object references.
2016-07-04 07:53:13.311 DEBUG datatype 23080 {urn:com:psi:types:AB}AB_AppAndGroupsDesign Exporting binary resources.
2016-07-04 07:53:13.311 DEBUG datatype 23080 {urn:com:psi:types:AB}AB_AppAndGroupsDesign Serializing object to XML.
2016-07-04 07:53:13.312 DEBUG datatype 23080 {urn:com:psi:types:AB}AB_AppAndGroupsDesign Object transported.
2016-07-04 07:53:13.312 DEBUG datatype 23092 {urn:com:psi:types:AB}AB_ApplicationGroups Begin transport.
2016-07-04 07:53:13.312 DEBUG datatype 23092 {urn:com:psi:types:AB}AB_ApplicationGroups Retrieving object data.
2016-07-04 07:53:13.32 DEBUG datatype 23092 {urn:com:psi:types:AB}AB_ApplicationGroups Setting uuids of object references.
2016-07-04 07:53:13.32 DEBUG datatype 23092 {urn:com:psi:types:AB}AB_ApplicationGroups Exporting binary resources.
2016-07-04 07:53:13.32 DEBUG datatype 23092 {urn:com:psi:types:AB}AB_ApplicationGroups Serializing object to XML.
2016-07-04 07:53:13.321 DEBUG datatype 23092 {urn:com:psi:types:AB}AB_ApplicationGroups Object transported.
2016-07-04 07:53:13.321 DEBUG datatype 23556 {urn:com:psi:types:AB}AB_MilestoneDesign Begin transport.
2016-07-04 07:53:13.321 DEBUG datatype 23556 {urn:com:psi:types:AB}AB_MilestoneDesign Retrieving object data.
2016-07-04 07:53:13.336 DEBUG datatype 23556 {urn:com:psi:types:AB}AB_MilestoneDesign Setting uuids of object references.
2016-07-04 07:53:13.337 DEBUG datatype 23556 {urn:com:psi:types:AB}AB_MilestoneDesign Exporting binary resources.
2016-07-04 07:53:13.337 DEBUG datatype 23556 {urn:com:psi:types:AB}AB_MilestoneDesign Serializing object to XML.
2016-07-04 07:53:13.337 DEBUG datatype 23556 {urn:com:psi:types:AB}AB_MilestoneDesign Object transported.
2016-07-04 07:53:13.337 DEBUG datatype 23240 {urn:com:psi:types:AB}AB_MilestoneInstances Begin transport.
2016-07-04 07:53:13.337 DEBUG datatype 23240 {urn:com:psi:types:AB}AB_MilestoneInstances Retrieving object data.
2016-07-04 07:53:13.352 DEBUG datatype 23240 {urn:com:psi:types:AB}AB_MilestoneInstances Setting uuids of object references.
2016-07-04 07:53:13.353 DEBUG datatype 23240 {urn:com:psi:types:AB}AB_MilestoneInstances Exporting binary resources.
2016-07-04 07:53:13.353 DEBUG datatype 23240 {urn:com:psi:types:AB}AB_MilestoneInstances Serializing object to XML.
2016-07-04 07:53:13.353 DEBUG datatype 23240 {urn:com:psi:types:AB}AB_MilestoneInstances Object transported.
2016-07-04 07:53:13.353 DEBUG datatype 23560 {urn:com:psi:types:AB}AB_MilestoneRouting Begin transport.
2016-07-04 07:53:13.353 DEBUG datatype 23560 {urn:com:psi:types:AB}AB_MilestoneRouting Retrieving object data.
2016-07-04 07:53:13.375 DEBUG datatype 23560 {urn:com:psi:types:AB}AB_MilestoneRouting Setting uuids of object references.
2016-07-04 07:53:13.375 DEBUG datatype 23560 {urn:com:psi:types:AB}AB_MilestoneRouting Exporting binary resources.
2016-07-04 07:53:13.375 DEBUG datatype 23560 {urn:com:psi:types:AB}AB_MilestoneRouting Serializing object to XML.
2016-07-04 07:53:13.376 DEBUG datatype 23560 {urn:com:psi:types:AB}AB_MilestoneRouting Object transported.
2016-07-04 07:53:13.376 DEBUG datatype 23564 {urn:com:psi:types:AB}AB_MilestoneAndRoutingDesign Begin transport.
2016-07-04 07:53:13.376 DEBUG datatype 23564 {urn:com:psi:types:AB}AB_MilestoneAndRoutingDesign Retrieving object data.
2016-07-04 07:53:13.45 DEBUG datatype 23564 {urn:com:psi:types:AB}AB_MilestoneAndRoutingDesign Setting uuids of object references.
2016-07-04 07:53:13.451 DEBUG datatype 23564 {urn:com:psi:types:AB}AB_MilestoneAndRoutingDesign Exporting binary resources.
2016-07-04 07:53:13.451 DEBUG datatype 23564 {urn:com:psi:types:AB}AB_MilestoneAndRoutingDesign Serializing object to XML.
2016-07-04 07:53:13.451 DEBUG datatype 23564 {urn:com:psi:types:AB}AB_MilestoneAndRoutingDesign Object transported.
2016-07-04 07:53:13.455 DEBUG dataStore 209693 _a-0000dc7c-e2e3-8000-927a-010000010000_199928 Begin transport.
2016-07-04 07:53:13.455 DEBUG dataStore 209693 _a-0000dc7c-e2e3-8000-927a-010000010000_199928 Retrieving object data.
2016-07-04 07:53:13.459 DEBUG dataStore 209693 _a-0000dc7c-e2e3-8000-927a-010000010000_199928 Setting uuids of object references.
2016-07-04 07:53:13.462 DEBUG dataStore 209693 _a-0000dc7c-e2e3-8000-927a-010000010000_199928 Processing reference: datatypeRef[id=21348]
2016-07-04 07:53:13.462 DEBUG dataStore 209693 _a-0000dc7c-e2e3-8000-927a-010000010000_199928 Processing reference: datatypeRef[id=21432]
2016-07-04 07:53:13.462 DEBUG dataStore 209693 _a-0000dc7c-e2e3-8000-927a-010000010000_199928 Processing reference: datatypeRef[id=23276]
2016-07-04 07:53:13.462 DEBUG dataStore 209693 _a-0000dc7c-e2e3-8000-927a-010000010000_199928 Processing reference: datatypeRef[id=23216]
2016-07-04 07:53:13.463 DEBUG dataStore 209693 _a-0000dc7c-e2e3-8000-927a-010000010000_199928 Processing reference: datatypeRef[id=22368]
2016-07-04 07:53:13.463 DEBUG dataStore 209693 _a-0000dc7c-e2e3-8000-927a-010000010000_199928 Processing reference: datatypeRef[id=21456]
2016-07-04 07:53:13.463 DEBUG dataStore 209693 _a-0000dc7c-e2e3-8000-927a-010000010000_199928 Processing reference: datatypeRef[id=21452]
2016-07-04 07:53:13.463 DEBUG dataStore 209693 _a-0000dc7c-e2e3-8000-927a-010000010000_199928 Processing reference: datatypeRef[id=21468]
2016-07-04 07:53:13.464 DEBUG dataStore 209693 _a-0000dc7c-e2e3-8000-927a-010000010000_199928 Processing reference: datatypeRef[id=23252]
2016-07-04 07:53:13.464 DEBUG dataStore 209693 _a-0000dc7c-e2e3-8000-927a-010000010000_199928 Processing reference: datatypeRef[id=23284]
2016-07-04 07:53:13.464 DEBUG dataStore 209693 _a-0000dc7c-e2e3-8000-927a-010000010000_199928 Processing reference: datatypeRef[id=21380]
2016-07-04 07:53:13.464 DEBUG dataStore 209693 _a-0000dc7c-e2e3-8000-927a-010000010000_199928 Processing reference: datatypeRef[id=23220]
2016-07-04 07:53:13.465 DEBUG dataStore 209693 _a-0000dc7c-e2e3-8000-927a-010000010000_199928 Processing reference: datatypeRef[id=23280]
2016-07-04 07:53:13.465 DEBUG dataStore 209693 _a-0000dc7c-e2e3-8000-927a-010000010000_199928 Processing reference: datatypeRef[id=21740]
2016-07-04 07:53:13.465 DEBUG dataStore 209693 _a-0000dc7c-e2e3-8000-927a-010000010000_199928 Processing reference: datatypeRef[id=23080]
2016-07-04 07:53:13.466 DEBUG dataStore 209693 _a-0000dc7c-e2e3-8000-927a-010000010000_199928 Processing reference: datatypeRef[id=23072]
2016-07-04 07:53:13.466 DEBUG dataStore 209693 _a-0000dc7c-e2e3-8000-927a-010000010000_199928 Processing reference: datatypeRef[id=23556]
2016-07-04 07:53:13.466 DEBUG dataStore 209693 _a-0000dc7c-e2e3-8000-927a-010000010000_199928 Processing reference: datatypeRef[id=23560]
2016-07-04 07:53:13.467 DEBUG dataStore 209693 _a-0000dc7c-e2e3-8000-927a-010000010000_199928 Processing reference: datatypeRef[id=23240]
2016-07-04 07:53:13.467 DEBUG dataStore 209693 _a-0000dc7c-e2e3-8000-927a-010000010000_199928 Processing reference: datatypeRef[id=23564]
2016-07-04 07:53:13.469 DEBUG dataStore 209693 _a-0000dc7c-e2e3-8000-927a-010000010000_199928 Processing reference: ContentRole[name=administrators,groupIds=[832],inherit=false,allowForAll=false]
2016-07-04 07:53:13.471 DEBUG group 832 _e-0000dc7c-dac5-8000-9277-010000010000_832 Begin transport.
2016-07-04 07:53:13.471 DEBUG group 832 _e-0000dc7c-dac5-8000-9277-010000010000_832 Retrieving object data.
2016-07-04 07:53:13.478 DEBUG group 832 _e-0000dc7c-dac5-8000-9277-010000010000_832 Setting uuids of object references.
2016-07-04 07:53:13.478 DEBUG group 832 _e-0000dc7c-dac5-8000-9277-010000010000_832 Processing reference: Role[name=<null>]
2016-07-04 07:53:13.478 DEBUG group 832 _e-0000dc7c-dac5-8000-9277-010000010000_832 Processing reference: Group.groupTypeId
2016-07-04 07:53:13.48 DEBUG groupType 22 _f-0000dc7c-dac5-8000-9277-010000010000_35 Begin transport.
2016-07-04 07:53:13.48 DEBUG groupType 22 _f-0000dc7c-dac5-8000-9277-010000010000_35 Retrieving object data.
2016-07-04 07:53:13.482 DEBUG groupType 22 _f-0000dc7c-dac5-8000-9277-010000010000_35 Setting uuids of object references.
2016-07-04 07:53:13.483 DEBUG groupType 22 _f-0000dc7c-dac5-8000-9277-010000010000_35 Exporting binary resources.
2016-07-04 07:53:13.483 DEBUG groupType 22 _f-0000dc7c-dac5-8000-9277-010000010000_35 Serializing object to XML.
2016-07-04 07:53:13.484 DEBUG groupType 22 _f-0000dc7c-dac5-8000-9277-010000010000_35 Object transported.
2016-07-04 07:53:13.484 DEBUG group 832 _e-0000dc7c-dac5-8000-9277-010000010000_832 Processing reference: Group.parentId
2016-07-04 07:53:13.484 DEBUG group 832 _e-0000dc7c-dac5-8000-9277-010000010000_832 Processing reference: Group.homePageId
2016-07-04 07:53:13.484 DEBUG group 832 _e-0000dc7c-dac5-8000-9277-010000010000_832 Processing reference: Role[name=<null>]
2016-07-04 07:53:13.484 DEBUG group 832 _e-0000dc7c-dac5-8000-9277-010000010000_832 Exporting binary resources.
2016-07-04 07:53:13.484 DEBUG group 832 _e-0000dc7c-dac5-8000-9277-010000010000_832 Serializing object to XML.
2016-07-04 07:53:13.485 DEBUG group 832 _e-0000dc7c-dac5-8000-9277-010000010000_832 Object transported.
2016-07-04 07:53:13.485 DEBUG dataStore 209693 _a-0000dc7c-e2e3-8000-927a-010000010000_199928 Processing reference: ContentRole[name=authors,inherit=false,allowForAll=false]
2016-07-04 07:53:13.485 DEBUG dataStore 209693 _a-0000dc7c-e2e3-8000-927a-010000010000_199928 Processing reference: ContentRole[name=denyAdministrators,inherit=false,allowForAll=false]
2016-07-04 07:53:13.485 DEBUG dataStore 209693 _a-0000dc7c-e2e3-8000-927a-010000010000_199928 Processing reference: ContentRole[name=denyAuthors,inherit=false,allowForAll=false]
2016-07-04 07:53:13.485 DEBUG dataStore 209693 _a-0000dc7c-e2e3-8000-927a-010000010000_199928 Processing reference: ContentRole[name=denyReaders,inherit=false,allowForAll=false]
2016-07-04 07:53:13.485 DEBUG dataStore 209693 _a-0000dc7c-e2e3-8000-927a-010000010000_199928 Processing reference: ContentRole[name=readers,groupIds=[5, 831],inherit=false,allowForAll=false]
2016-07-04 07:53:13.486 DEBUG group 831 _e-0000dc7c-dac5-8000-9277-010000010000_831 Begin transport.
2016-07-04 07:53:13.486 DEBUG group 831 _e-0000dc7c-dac5-8000-9277-010000010000_831 Retrieving object data.
2016-07-04 07:53:13.493 DEBUG group 831 _e-0000dc7c-dac5-8000-9277-010000010000_831 Setting uuids of object references.
2016-07-04 07:53:13.493 DEBUG group 831 _e-0000dc7c-dac5-8000-9277-010000010000_831 Processing reference: Role[name=<null>,groupIds=[832]]
2016-07-04 07:53:13.496 DEBUG group 831 _e-0000dc7c-dac5-8000-9277-010000010000_831 Processing reference: Group.groupTypeId
2016-07-04 07:53:13.498 DEBUG group 831 _e-0000dc7c-dac5-8000-9277-010000010000_831 Processing reference: Group.parentId
2016-07-04 07:53:13.499 DEBUG group 831 _e-0000dc7c-dac5-8000-9277-010000010000_831 Processing reference: Group.homePageId
2016-07-04 07:53:13.499 DEBUG group 831 _e-0000dc7c-dac5-8000-9277-010000010000_831 Processing reference: Role[name=<null>,groupIds=[832, 1024, 1152, 1090, 1027, 1155, 1092, 1029, 1157, 1096, 1034, 1098, 908, 1101, 1102, 1103, 1167, 1106, 1111, 1114, 1115, 1053, 1117, 1056, 1060, 1061, 1000, 1064, 1128, 1065, 1003, 1131, 1068, 1006, 1007, 1071, 1008, 1010, 1075, 884, 1012, 1140, 1077, 1143, 1016]]
2016-07-04 07:53:13.5 DEBUG group 908 _e-0000dca4-d1d4-8000-9277-010000010000_908 Begin transport.
2016-07-04 07:53:13.5 DEBUG group 908 _e-0000dca4-d1d4-8000-9277-010000010000_908 Retrieving object data.
2016-07-04 07:53:13.509 DEBUG group 908 _e-0000dca4-d1d4-8000-9277-010000010000_908 Setting uuids of object references.
2016-07-04 07:53:13.509 DEBUG group 908 _e-0000dca4-d1d4-8000-9277-010000010000_908 Processing reference: Role[name=<null>,groupIds=[832]]
2016-07-04 07:53:13.51 DEBUG group 908 _e-0000dca4-d1d4-8000-9277-010000010000_908 Processing reference: Group.groupTypeId
2016-07-04 07:53:13.513 DEBUG group 908 _e-0000dca4-d1d4-8000-9277-010000010000_908 Processing reference: Group.parentId
2016-07-04 07:53:13.513 DEBUG group 908 _e-0000dca4-d1d4-8000-9277-010000010000_908 Processing reference: Group.homePageId
2016-07-04 07:53:13.513 DEBUG group 908 _e-0000dca4-d1d4-8000-9277-010000010000_908 Processing reference: Role[name=<null>,groupIds=[832]]
2016-07-04 07:53:13.515 DEBUG group 908 _e-0000dca4-d1d4-8000-9277-010000010000_908 Exporting binary resources.
2016-07-04 07:53:13.515 DEBUG group 908 _e-0000dca4-d1d4-8000-9277-010000010000_908 Serializing object to XML.
2016-07-04 07:53:13.515 DEBUG group 908 _e-0000dca4-d1d4-8000-9277-010000010000_908 Object transported.
2016-07-04 07:53:13.515 DEBUG group 884 _e-0000dc91-0c73-8000-9277-010000010000_884 Begin transport.
2016-07-04 07:53:13.515 DEBUG group 884 _e-0000dc91-0c73-8000-9277-010000010000_884 Retrieving object data.
2016-07-04 07:53:13.523 DEBUG group 884 _e-0000dc91-0c73-8000-9277-010000010000_884 Setting uuids of object references.
2016-07-04 07:53:13.523 DEBUG group 884 _e-0000dc91-0c73-8000-9277-010000010000_884 Processing reference: Role[name=<null>,groupIds=[832]]
2016-07-04 07:53:13.525 DEBUG group 884 _e-0000dc91-0c73-8000-9277-010000010000_884 Processing reference: Group.groupTypeId
2016-07-04 07:53:13.526 DEBUG group 884 _e-0000dc91-0c73-8000-9277-010000010000_884 Processing reference: Group.parentId
2016-07-04 07:53:13.527 DEBUG group 884 _e-0000dc91-0c73-8000-9277-010000010000_884 Processing reference: Group.homePageId
2016-07-04 07:53:13.527 DEBUG group 884 _e-0000dc91-0c73-8000-9277-010000010000_884 Processing reference: Role[name=<null>,groupIds=[832]]
2016-07-04 07:53:13.528 DEBUG group 884 _e-0000dc91-0c73-8000-9277-010000010000_884 Exporting binary resources.
2016-07-04 07:53:13.528 DEBUG group 884 _e-0000dc91-0c73-8000-9277-010000010000_884 Serializing object to XML.
2016-07-04 07:53:13.529 DEBUG group 884 _e-0000dc91-0c73-8000-9277-010000010000_884 Object transported.
2016-07-04 07:53:13.529 DEBUG group 831 _e-0000dc7c-dac5-8000-9277-010000010000_831 Exporting binary resources.
2016-07-04 07:53:13.529 DEBUG group 831 _e-0000dc7c-dac5-8000-9277-010000010000_831 Serializing object to XML.
2016-07-04 07:53:13.529 DEBUG group 831 _e-0000dc7c-dac5-8000-9277-010000010000_831 Object transported.
2016-07-04 07:53:13.529 DEBUG dataStore 209693 _a-0000dc7c-e2e3-8000-927a-010000010000_199928 Exporting binary resources.
2016-07-04 07:53:13.529 DEBUG dataStore 209693 _a-0000dc7c-e2e3-8000-927a-010000010000_199928 Serializing object to XML.
2016-07-04 07:53:13.53 DEBUG dataStore 209693 _a-0000dc7c-e2e3-8000-927a-010000010000_199928 Object transported.
2016-07-04 07:53:13.532 DEBUG application 187814 _a-0000dc91-0813-8000-927a-010000010000_201887 Exporting binary resources.
2016-07-04 07:53:13.532 DEBUG application 187814 _a-0000dc91-0813-8000-927a-010000010000_201887 Serializing object to XML.
2016-07-04 07:53:13.533 DEBUG application 187814 _a-0000dc91-0813-8000-927a-010000010000_201887 Object transported.
